mode: set
web/router/router.go:25.20,29.2 1 0
web/router/router.go:33.72,35.2 1 0
web/router/router.go:39.74,41.11 2 0
web/router/router.go:41.11,42.56 1 0
web/router/router.go:47.3,48.9 2 0
web/router/router.go:42.56,46.4 3 0
web/router/router.go:55.81,57.11 2 0
web/router/router.go:57.11,58.54 1 0
web/router/router.go:63.3,64.9 2 0
web/router/router.go:58.54,62.4 3 0
web/router/router.go:70.70,73.11 3 0
web/router/router.go:79.2,80.35 2 0
web/router/router.go:73.11,76.3 2 0
web/router/router.go:76.8,78.3 1 0
web/router/router.go:84.71,87.11 3 0
web/router/router.go:93.2,94.35 2 0
web/router/router.go:87.11,90.3 2 0
web/router/router.go:90.8,92.3 1 0
web/router/router.go:98.70,101.11 3 0
web/router/router.go:107.2,108.35 2 0
web/router/router.go:101.11,104.3 2 0
web/router/router.go:104.8,106.3 1 0
web/router/router.go:112.72,115.11 3 0
web/router/router.go:121.2,122.35 2 0
web/router/router.go:115.11,118.3 2 0
web/router/router.go:118.8,120.3 1 0
web/router/router.go:126.73,129.11 3 0
web/router/router.go:135.2,136.35 2 0
web/router/router.go:129.11,132.3 2 0
web/router/router.go:132.8,134.3 1 0
web/router/router.go:150.28,154.2 1 0
web/router/router.go:172.56,174.2 1 0
web/router/router.go:177.57,179.2 1 0
web/router/router.go:182.56,184.2 1 0
web/router/router.go:187.58,189.2 1 0
web/router/router.go:192.59,194.2 1 0
web/router/router.go:197.49,199.26 1 0
web/router/router.go:206.2,206.24 1 0
web/router/router.go:199.26,205.3 5 0
web/router/router.go:210.50,211.27 1 0
web/router/router.go:218.2,218.25 1 0
web/router/router.go:211.27,217.3 5 0
web/router/router.go:222.49,223.26 1 0
web/router/router.go:230.2,230.24 1 0
web/router/router.go:223.26,229.3 5 0
web/router/router.go:234.51,235.28 1 0
web/router/router.go:242.2,242.26 1 0
web/router/router.go:235.28,241.3 5 0
web/router/router.go:246.52,247.29 1 0
web/router/router.go:254.2,254.27 1 0
web/router/router.go:247.29,253.3 5 0
web/router/router.go:257.81,258.35 1 0
web/router/router.go:258.35,260.3 1 0
web/router/router.go:264.48,268.41 4 0
web/router/router.go:268.41,270.3 1 0
web/router/router.go:273.74,275.9 2 0
web/router/router.go:280.2,286.40 5 0
web/router/router.go:295.2,295.18 1 0
web/router/router.go:313.2,313.40 1 0
web/router/router.go:275.9,279.3 2 0
web/router/router.go:286.40,288.19 2 0
web/router/router.go:288.19,289.50 1 0
web/router/router.go:289.50,291.5 1 0
web/router/router.go:296.17,297.21 1 0
web/router/router.go:298.18,299.22 1 0
web/router/router.go:300.19,301.23 1 0
web/router/router.go:302.17,303.21 1 0
web/router/router.go:304.20,305.24 1 0
web/router/router.go:306.10,310.25 4 0
web/router/router.go:313.40,315.19 2 0
web/router/router.go:315.19,316.50 1 0
web/router/router.go:316.50,318.5 1 0
web/router/router.go:332.67,338.2 1 0
web/router/router.go:341.47,343.2 1 0
web/router/router.go:346.69,347.42 1 0
web/router/router.go:350.2,350.16 1 0
web/router/router.go:354.2,354.11 1 0
web/router/router.go:347.42,349.3 1 0
web/router/router.go:350.16,352.3 1 0
web/router/router.go:358.69,359.42 1 0
web/router/router.go:366.2,366.16 1 0
web/router/router.go:370.2,370.15 1 0
web/router/router.go:359.42,361.17 2 0
web/router/router.go:364.3,364.16 1 0
web/router/router.go:361.17,363.4 1 0
web/router/router.go:366.16,368.3 1 0
web/router/trie.go:24.22,29.2 1 0
web/router/trie.go:32.50,34.2 1 0
web/router/trie.go:36.57,39.20 3 0
web/router/trie.go:42.2,42.14 1 0
web/router/trie.go:39.20,41.3 1 0
web/router/trie.go:46.64,48.23 1 0
web/router/trie.go:51.2,53.29 3 0
web/router/trie.go:68.2,68.12 1 0
web/router/trie.go:48.23,50.3 1 0
web/router/trie.go:53.29,54.39 1 0
web/router/trie.go:59.3,62.24 4 0
web/router/trie.go:65.3,65.11 1 0
web/router/trie.go:54.39,56.12 2 0
web/router/trie.go:62.24,64.4 1 0
web/router/trie.go:73.44,76.29 3 0
web/router/trie.go:82.2,82.13 1 0
web/router/trie.go:76.29,77.37 1 0
web/router/trie.go:80.3,80.23 1 0
web/router/trie.go:77.37,79.4 1 0
web/router/trie.go:90.51,97.29 6 0
web/router/trie.go:127.2,129.35 3 0
web/router/trie.go:134.2,136.21 2 0
web/router/trie.go:97.29,99.35 2 0
web/router/trie.go:122.3,122.17 1 0
web/router/trie.go:99.35,100.50 1 0
web/router/trie.go:100.50,101.49 1 0
web/router/trie.go:105.5,110.39 4 0
web/router/trie.go:118.5,119.10 2 0
web/router/trie.go:101.49,102.14 1 0
web/router/trie.go:110.39,111.31 1 0
web/router/trie.go:115.6,116.17 2 0
web/router/trie.go:111.31,114.7 2 0
web/router/trie.go:122.17,124.4 1 0
web/router/trie.go:129.35,130.28 1 0
web/router/trie.go:130.28,132.4 1 0
web/router/trie.go:141.59,144.29 3 0
web/router/trie.go:158.2,158.16 1 0
web/router/trie.go:144.29,146.35 2 0
web/router/trie.go:153.3,153.17 1 0
web/router/trie.go:146.35,147.47 1 0
web/router/trie.go:147.47,150.10 3 0
web/router/trie.go:153.17,155.4 1 0
web/router/trie.go:171.35,176.18 2 0
web/router/trie.go:180.2,180.13 1 0
web/router/trie.go:176.18,179.3 1 0
web/router/trie.go:183.42,185.2 1 0
web/router/trie.go:195.26,197.2 1 0
web/router/patter.go:16.13,20.53 4 1
web/router/patter.go:20.53,22.3 1 1
web/router/patter.go:32.38,36.2 1 1
web/router/patter.go:39.72,40.39 1 1
web/router/patter.go:43.2,44.12 2 1
web/router/patter.go:40.39,42.3 1 0
web/router/patter.go:50.59,51.45 1 1
web/router/patter.go:54.2,54.31 1 1
web/router/patter.go:51.45,53.3 1 1
web/router/patter.go:60.57,62.2 1 1
web/router/patter.go:75.38,79.87 4 1
web/router/patter.go:91.2,100.51 4 1
web/router/patter.go:104.2,104.10 1 1
web/router/patter.go:79.87,84.17 5 1
web/router/patter.go:87.3,88.56 2 1
web/router/patter.go:84.17,86.4 1 1
web/router/patter.go:100.51,102.3 1 1
web/router/patter.go:110.69,111.29 1 0
web/router/patter.go:122.2,122.39 1 0
web/router/patter.go:111.29,113.24 2 0
web/router/patter.go:116.3,117.40 2 0
web/router/patter.go:120.3,120.26 1 0
web/router/patter.go:113.24,115.4 1 0
web/router/patter.go:117.40,119.4 1 0
web/router/patter.go:127.53,129.2 1 0
web/router/patter.go:133.48,135.2 1 0
